[2025-12-28 17:40:22] local.ERROR: require(D:\Laragon\www\laravel-12-phoenix\routes/breadcrumbs.php): Failed to open stream: No such file or directory {"exception":"[object] (ErrorException(code: 0): require(D:\\Laragon\\www\\laravel-12-phoenix\\routes/breadcrumbs.php): Failed to open stream: No such file or directory at /mnt/d/Laragon/www/laravel-12-phoenix/vendor/diglactic/laravel-breadcrumbs/src/ServiceProvider.php:94)
[stacktrace]
#0 /mnt/d/Laragon/www/laravel-12-phoenix/vendor/laravel/framework/src/Illuminate/Foundation/Bootstrap/HandleExceptions.php(258): Illuminate\\Foundation\\Bootstrap\\HandleExceptions->handleError()
#1 /mnt/d/Laragon/www/laravel-12-phoenix/vendor/diglactic/laravel-breadcrumbs/src/ServiceProvider.php(94): Illuminate\\Foundation\\Bootstrap\\HandleExceptions->{closure:Illuminate\\Foundation\\Bootstrap\\HandleExceptions::forwardsTo():257}()
#2 /mnt/d/Laragon/www/laravel-12-phoenix/vendor/diglactic/laravel-breadcrumbs/src/ServiceProvider.php(94): require('...')
#3 /mnt/d/Laragon/www/laravel-12-phoenix/vendor/diglactic/laravel-breadcrumbs/src/ServiceProvider.php(62): Diglactic\\Breadcrumbs\\ServiceProvider->registerBreadcrumbs()
#4 /mnt/d/Laragon/www/laravel-12-phoenix/vendor/laravel/framework/src/Illuminate/Container/BoundMethod.php(36): Diglactic\\Breadcrumbs\\ServiceProvider->boot()
#5 /mnt/d/Laragon/www/laravel-12-phoenix/vendor/laravel/framework/src/Illuminate/Container/Util.php(43): Illuminate\\Container\\BoundMethod::{closure:Illuminate\\Container\\BoundMethod::call():35}()
#6 /mnt/d/Laragon/www/laravel-12-phoenix/vendor/laravel/framework/src/Illuminate/Container/BoundMethod.php(96): Illuminate\\Container\\Util::unwrapIfClosure()
#7 /mnt/d/Laragon/www/laravel-12-phoenix/vendor/laravel/framework/src/Illuminate/Container/BoundMethod.php(35): Illuminate\\Container\\BoundMethod::callBoundMethod()
#8 /mnt/d/Laragon/www/laravel-12-phoenix/vendor/laravel/framework/src/Illuminate/Container/Container.php(799): Illuminate\\Container\\BoundMethod::call()
#9 /mnt/d/Laragon/www/laravel-12-phoenix/vendor/laravel/framework/src/Illuminate/Foundation/Application.php(1151): Illuminate\\Container\\Container->call()
#10 /mnt/d/Laragon/www/laravel-12-phoenix/vendor/laravel/framework/src/Illuminate/Foundation/Application.php(921): Illuminate\\Foundation\\Application->bootProvider()
#11 /mnt/d/Laragon/www/laravel-12-phoenix/vendor/laravel/framework/src/Illuminate/Foundation/Application.php(1034): Illuminate\\Foundation\\Application->register()
#12 /mnt/d/Laragon/www/laravel-12-phoenix/vendor/laravel/framework/src/Illuminate/Foundation/Application.php(1014): Illuminate\\Foundation\\Application->registerDeferredProvider()
#13 /mnt/d/Laragon/www/laravel-12-phoenix/vendor/laravel/framework/src/Illuminate/Foundation/Application.php(990): Illuminate\\Foundation\\Application->loadDeferredProvider()
#14 /mnt/d/Laragon/www/laravel-12-phoenix/vendor/laravel/framework/src/Illuminate/Foundation/Console/Kernel.php(497): Illuminate\\Foundation\\Application->loadDeferredProviders()
#15 /mnt/d/Laragon/www/laravel-12-phoenix/vendor/laravel/framework/src/Illuminate/Foundation/Console/Kernel.php(196): Illuminate\\Foundation\\Console\\Kernel->bootstrap()
#16 /mnt/d/Laragon/www/laravel-12-phoenix/vendor/laravel/framework/src/Illuminate/Foundation/Application.php(1235): Illuminate\\Foundation\\Console\\Kernel->handle()
#17 /mnt/d/Laragon/www/laravel-12-phoenix/artisan(13): Illuminate\\Foundation\\Application->handleCommand()
#18 {main}
"} 
